make all --print-data-base --no-builtin-variables --no-builtin-rules --question
# GNU Make 4.2.1
# Built for x86_64-pc-linux-gnu
# Copyright (C) 1988-2016 Free Software Foundation, Inc.
# License GPLv3+: GNU GPL version 3 or later <http://gnu.org/licenses/gpl.html>
# This is free software: you are free to change and redistribute it.
# There is NO WARRANTY, to the extent permitted by law.

# Make data base, printed on Sat Apr 19 14:38:04 2025

# Variables

# 'override' directive
GNUMAKEFLAGS := 
# automatic
<D = $(patsubst %/,%,$(dir $<))
# automatic
?F = $(notdir $?)
# environment
DESKTOP_SESSION = ubuntu
# default
.SHELLFLAGS := -c
# environment
XDG_SESSION_CLASS = user
# environment
VSCODE_CRASH_REPORTER_PROCESS_TYPE = extensionHost
# environment
XDG_SESSION_TYPE = x11
# automatic
?D = $(patsubst %/,%,$(dir $?))
# automatic
@D = $(patsubst %/,%,$(dir $@))
# environment
XAUTHORITY = /run/user/1000/gdm/Xauthority
# environment
GDMSESSION = ubuntu
# environment
XMODIFIERS = @im=ibus
# makefile
CURDIR := /home/bhien/work/bbb/camera_stream
# makefile
SHELL = /bin/sh
# environment
VSCODE_NLS_CONFIG = {"userLocale":"en-us","osLocale":"en-us","resolvedLanguage":"en","defaultMessagesFile":"/usr/share/code/resources/app/out/nls.messages.json","locale":"en-us","availableLanguages":{}}
# environment
_ = /usr/bin/make
# environment
JOURNAL_STREAM = 8:61313
# environment
XDG_CONFIG_DIRS = /etc/xdg/xdg-ubuntu:/etc/xdg
# makefile (from 'Makefile', line 1)
MAKEFILE_LIST :=  Makefile
# automatic
@F = $(notdir $@)
# environment
IM_CONFIG_PHASE = 1
# environment
USERNAME = bhien
# environment
MAKELEVEL := 0
# environment
MANDATORY_PATH = /usr/share/gconf/ubuntu.mandatory.path
# environment
XDG_DATA_DIRS = /usr/share/ubuntu:/usr/local/share/:/usr/share/:/var/lib/snapd/desktop
# environment
DBUS_SESSION_BUS_ADDRESS = unix:path=/run/user/1000/bus
# environment
MANAGERPID = 2843
# environment
LESSOPEN = | /usr/bin/lesspipe %s
# environment
LC_NAME = vi_VN
# environment
VSCODE_CWD = /home/bhien
# default
MAKE_HOST := x86_64-pc-linux-gnu
# environment
PATH = /opt/gcc-arm-8.2-2018.08-x86_64-arm-linux-gnueabihf/bin:/home/bhien/.local/bin:/home/bhien/.bin:/home/bhien/.bin:/opt/gcc-arm-8.2-2018.08-x86_64-arm-linux-gnueabihf/bin:/home/bhien/.cargo/bin:/home/bhien/.local/bin:/usr/local/sbin:/usr/local/bin:/usr/sbin:/usr/bin:/sbin:/bin:/usr/games:/usr/local/games:/snap/binPATH=/home/bhien/.bin:/opt/gcc-arm-8.2-2018.08-x86_64-arm-linux-gnueabihf/bin:/home/bhien/.cargo/bin:/home/bhien/.local/bin:/usr/local/sbin:/usr/local/bin:/usr/sbin:/usr/bin:/sbin:/bin:/usr/games:/usr/local/games:/snap/bin
# environment
GPG_AGENT_INFO = /run/user/1000/gnupg/S.gpg-agent:0:1
# environment
SESSION_MANAGER = local/asus:@/tmp/.ICE-unix/3039,unix/asus:/tmp/.ICE-unix/3039
# environment
XDG_RUNTIME_DIR = /run/user/1000
# automatic
%D = $(patsubst %/,%,$(dir $%))
# environment
XDG_MENU_PREFIX = gnome-
# environment
ELECTRON_RUN_AS_NODE = 1
# environment
INVOCATION_ID = 9c7ed57997c5413f884a22ea20baf3d1
# default
.FEATURES := target-specific order-only second-expansion else-if shortest-stem undefine oneshell archives jobserver output-sync check-symlink load
# environment
XDG_SESSION_DESKTOP = ubuntu
# environment
SSH_AUTH_SOCK = /run/user/1000/keyring/ssh
# environment
GIO_LAUNCHED_DESKTOP_FILE_PID = 3566
# automatic
%F = $(notdir $%)
# environment
DISPLAY = :1
# environment
PWD = /home/bhien/work/bbb/camera_stream
# default
.LOADED := 
# environment
SSH_AGENT_PID = 3001
# environment
ORIGINAL_XDG_CURRENT_DESKTOP = ubuntu:GNOME
# environment
GTK_MODULES = gail:atk-bridge
# environment
HOME = /home/bhien
# environment
LESSCLOSE = /usr/bin/lesspipe %s %s
# environment
VSCODE_CODE_CACHE_PATH = /home/bhien/.config/Code/CachedData/4437686ffebaf200fa4a6e6e67f735f3edf24ada
# environment
LOGNAME = bhien
# environment
APPLICATION_INSIGHTS_NO_DIAGNOSTIC_CHANNEL = true
# automatic
+F = $(notdir $+)
# environment
VSCODE_HANDLES_UNCAUGHT_ERRORS = true
# environment
GNOME_DESKTOP_SESSION_ID = this-is-deprecated
# automatic
^D = $(patsubst %/,%,$(dir $^))
# environment
LC_TIME = vi_VN
# default
MAKE = $(MAKE_COMMAND)
# default
MAKECMDGOALS := all
# environment
QT_IM_MODULE = ibus
# environment
SHLVL = 0
# environment
VSCODE_ESM_ENTRYPOINT = vs/workbench/api/node/extensionHostProcess
# environment
JAVA_HOME = /home/bhien/work/android-studio/jbr
# default
MAKE_VERSION := 4.2.1
# environment
USER = bhien
# environment
LC_MONETARY = vi_VN
# makefile
.DEFAULT_GOAL := all
# environment
XDG_CURRENT_DESKTOP = Unity
# environment
GNOME_SHELL_SESSION_MODE = ubuntu
# environment
LC_TELEPHONE = vi_VN
# default
MAKE_COMMAND := make
# default
.VARIABLES := 
# automatic
*F = $(notdir $*)
# environment
VSCODE_IPC_HOOK = /run/user/1000/vscode-72cd8f20-1.99-main.sock
# makefile
MAKEFLAGS = pqrR
# environment
MFLAGS = -pqrR
# automatic
*D = $(patsubst %/,%,$(dir $*))
# automatic
+D = $(patsubst %/,%,$(dir $+))
# environment
VSCODE_L10N_BUNDLE_LOCATION = 
# environment
GDK_BACKEND = x11
# environment
LC_PAPER = vi_VN
# environment
LC_IDENTIFICATION = vi_VN
# environment
QT_ACCESSIBILITY = 1
# environment
DEFAULTS_PATH = /usr/share/gconf/ubuntu.default.path
# default
MAKEFILES := 
# environment
LC_NUMERIC = vi_VN
# automatic
<F = $(notdir $<)
# environment
LC_MEASUREMENT = vi_VN
# environment
LC_ALL = C
# environment
GJS_DEBUG_TOPICS = JS ERROR;JS LOG
# automatic
^F = $(notdir $^)
# default
SUFFIXES := 
# environment
CHROME_DESKTOP = code.desktop
# environment
WINDOWPATH = 2
# default
.INCLUDE_DIRS = /usr/include /usr/local/include /usr/include
# environment
GJS_DEBUG_OUTPUT = stderr
# default
.RECIPEPREFIX := 
# environment
LC_ADDRESS = vi_VN
# environment
GIO_LAUNCHED_DESKTOP_FILE = /usr/share/applications/code.desktop
# environment
LANG = C
# environment
VSCODE_PID = 3566
# variable set hash-table stats:
# Load=105/1024=10%, Rehash=0, Collisions=18/133=14%

# Pattern-specific Variable Values

# No pattern-specific variable values.

# Directories

# . (device 66306, inode 419305): 25 files, no impossibilities.

# 25 files, no impossibilities in 1 directories.

# Implicit Rules

# No implicit rules.

# Files

all:
#  Command line target.
#  Implicit rule search has not been done.
#  Implicit/static pattern stem: ''
#  File does not exist.
#  File has been updated.
#  Needs to be updated (-q is set).
# automatic
# @ := all
# automatic
# % := 
# automatic
# * := 
# automatic
# + := 
# automatic
# | := 
# automatic
# < := 
# automatic
# ^ := 
# automatic
# ? := 
# variable set hash-table stats:
# Load=8/32=25%, Rehash=0, Collisions=1/11=9%
#  recipe to execute (from 'Makefile', line 2):
	g++ -g -o audio audio.cpp -lavformat -lavcodec -lavfilter -lavdevice -lswscale -lavutil -lglog -pthread -lswresample -lm
	./audio

# Not a target:
.SUFFIXES:
#  Implicit rule search has not been done.
#  Modification time never checked.
#  File has not been updated.

# Not a target:
Makefile:
#  Implicit rule search has been done.
#  Last modified 2025-04-18 22:42:52.055460286
#  File has been updated.
#  Successfully updated.

# Not a target:
.DEFAULT:
#  Implicit rule search has not been done.
#  Modification time never checked.
#  File has not been updated.

# files hash-table stats:
# Load=4/1024=0%, Rehash=0, Collisions=0/16=0%
# VPATH Search Paths

# No 'vpath' search paths.

# No general ('VPATH' variable) search path.

# strcache buffers: 1 (0) / strings = 30 / storage = 255 B / avg = 8 B
# current buf: size = 8162 B / used = 255 B / count = 30 / avg = 8 B

# strcache performance: lookups = 37 / hit rate = 18%
# hash-table stats:
 
# Load=30/8192=0%, Rehash=0, Collisions=1/37=3%
# Finished Make data base on Sat Apr 19 14:38:04 2025

 
